<?xml version="1.0" encoding="utf-8"?>
<shfbBuild product="Sandcastle Help File Builder and Tools" version="2019.11.17.0" projectFile="c:\jenkins\workspace\MoverioBasicFunctionUnityPlugin\unityplugin\MoverioBasicFunctionUnityPluginDoc\MoverioBasicFunctionUnityPluginDoc\MoverioBasicFunctionUnityPluginDoc.shfbproj" started="2021/12/20 11:43:58">
<buildStep step="Initializing">
Finding tools...
The Sandcastle tools are located in &#39;C:\Program Files (x86)\EWSoftware\Sandcastle Help File Builder\&#39;
Locating components in the following folder(s):
    c:\jenkins\workspace\MoverioBasicFunctionUnityPlugin\unityplugin\MoverioBasicFunctionUnityPluginDoc\MoverioBasicFunctionUnityPluginDoc
    C:\ProgramData\EWSoftware\Sandcastle Help File Builder\Components and Plug-Ins\
    C:\Program Files (x86)\EWSoftware\Sandcastle Help File Builder\
Using framework reflection data for &#39;.NET Framework 4.5&#39; located in &#39;C:\Program Files (x86)\EWSoftware\Sandcastle Help File Builder\Data\.NETFramework&#39;
Using presentation style &#39;VS2013&#39; located in &#39;C:\Program Files (x86)\EWSoftware\Sandcastle Help File Builder\PresentationStyles\VS2013&#39;
Loading and initializing plug-ins...
Lightweight Website Style Version 2019.11.17.0
Copyright &#169; 2006-2019, Eric Woodruff, All Rights Reserved
Portions Copyright &#169; 2014, Sam Harwell, All Rights Reserved
-------------------------------
Clearing any prior web/markdown output...
</buildStep>
<buildStep step="ValidatingDocumentationSources">
Validating and copying documentation source information
Source: c:\jenkins\workspace\MoverioBasicFunctionUnityPlugin\unityplugin\MoverioBasicFunctionUnityPlugin\MoverioBasicFunctionUnityPlugin\MoverioBasicFunctionUnityPlugin.csproj
    Found project &#39;c:\jenkins\workspace\MoverioBasicFunctionUnityPlugin\unityplugin\MoverioBasicFunctionUnityPlugin\MoverioBasicFunctionUnityPlugin\MoverioBasicFunctionUnityPlugin.csproj&#39;

Parsing project files
    Found assembly &#39;c:\jenkins\workspace\MoverioBasicFunctionUnityPlugin\unityplugin\MoverioBasicFunctionUnityPlugin\MoverioBasicFunctionUnityPlugin\bin\Release\MoverioBasicFunctionUnityPlugin.dll&#39;
SHFB: Warning BE0007: A project with a different or higher framework version was found.  Changing project FrameworkVersion property from &#39;.NET Framework 4.5&#39; to &#39;.NET Framework 4.7.2&#39; for the build.

References to include:
    UnityEngine

Copying XML comments files
    c:\jenkins\workspace\MoverioBasicFunctionUnityPlugin\unityplugin\MoverioBasicFunctionUnityPlugin\MoverioBasicFunctionUnityPlugin\bin\Release\MoverioBasicFunctionUnityPlugin.xml -&gt; c:\jenkins\workspace\MoverioBasicFunctionUnityPlugin\unityplugin\MoverioBasicFunctionUnityPluginDoc\MoverioBasicFunctionUnityPluginDoc\Help\Working\MoverioBasicFunctionUnityPlugin.xml
</buildStep>
<buildStep step="GenerateSharedContent">
Generating shared content files (en-US, 英語 (米国))...
<plugIn name="Lightweight Website Style" behavior="After" priority="1000">
</plugIn>    Last step completed in 00:00:00.0160
</buildStep>
<buildStep step="GenerateApiFilter">
Generating API filter for MRefBuilder...
    Last step completed in 00:00:00.0040
</buildStep>
<buildStep step="GenerateReflectionInfo">
Generating reflection information...
[C:\Program Files (x86)\Microsoft Visual Studio\2019\Enterprise\MSBuild\Current\Bin\MSBuild.exe - GenerateRefInfo.proj]
2021/12/20 11:44:00 にビルドを開始しました。
ノード 1 上のプロジェクト &quot;c:\jenkins\workspace\MoverioBasicFunctionUnityPlugin\unityplugin\MoverioBasicFunctionUnityPluginDoc\MoverioBasicFunctionUnityPluginDoc\Help\Working\GenerateRefInfo.proj&quot; (既定のターゲット)。
PrepareForBuild:
  ディレクトリ &quot;obj\Debug\&quot; を作成しています。
GenerateBindingRedirects:
  ResolveAssemblyReferences から推奨されるバインド リダイレクトがありません。
GenerateRefInfo:
  MRefBuilder (v2019.11.17.0)
  Copyright c 2006-2019, Microsoft Corporation, All Rights Reserved.
  Portions Copyright c 2006-2019, Eric Woodruff, All Rights Reserved.
  No source code context base path specified.  Source context information is unavailable.
  Loaded 1 assemblies for reflection and 2 dependency assemblies.
  Wrote information on 2 namespaces, 22 types, and 149 members
  &quot;c:\jenkins\workspace\MoverioBasicFunctionUnityPlugin\unityplugin\MoverioBasicFunctionUnityPluginDoc\MoverioBasicFunctionUnityPluginDoc\Help\Working\reflection.org&quot; から &quot;c:\jenkins\workspace\MoverioBasicFunctionUnityPlugin\unityplugin\MoverioBasicFunctionUnityPluginDoc\MoverioBasicFunctionUnityPluginDoc\Help\Working\reflection.all&quot; へファイルをコピーしています。
  XslTransform (v2019.11.17.0)
  Copyright c 2006-2019, Microsoft Corporation, All Rights Reserved.
  Portions Copyright c 2006-2019, Eric Woodruff, All Rights Reserved.
  Applying XSL transformation &#39;C:\Program Files (x86)\EWSoftware\Sandcastle Help File Builder\ProductionTransforms\MergeDuplicates.xsl&#39;.
プロジェクト &quot;c:\jenkins\workspace\MoverioBasicFunctionUnityPlugin\unityplugin\MoverioBasicFunctionUnityPluginDoc\MoverioBasicFunctionUnityPluginDoc\Help\Working\GenerateRefInfo.proj&quot; (既定のターゲット) のビルドが完了しました。
    Last step completed in 00:00:00.8631
</buildStep>
<buildStep step="TransformReflectionInfo">
Transforming reflection output...
[C:\Program Files (x86)\Microsoft Visual Studio\2019\Enterprise\MSBuild\Current\Bin\MSBuild.exe - TransformManifest.proj]
2021/12/20 11:44:01 にビルドを開始しました。
ノード 1 上のプロジェクト &quot;c:\jenkins\workspace\MoverioBasicFunctionUnityPlugin\unityplugin\MoverioBasicFunctionUnityPluginDoc\MoverioBasicFunctionUnityPluginDoc\Help\Working\TransformManifest.proj&quot; (既定のターゲット)。
TransformManifest:
  XslTransform (v2019.11.17.0)
  Copyright c 2006-2019, Microsoft Corporation, All Rights Reserved.
  Portions Copyright c 2006-2019, Eric Woodruff, All Rights Reserved.
  Applying XSL transformation &#39;C:\Program Files (x86)\EWSoftware\Sandcastle Help File Builder\\ProductionTransforms\ApplyVSDocModel.xsl&#39;.
  &quot;c:\jenkins\workspace\MoverioBasicFunctionUnityPlugin\unityplugin\MoverioBasicFunctionUnityPluginDoc\MoverioBasicFunctionUnityPluginDoc\Help\Working\reflection.xml&quot; から &quot;c:\jenkins\workspace\MoverioBasicFunctionUnityPlugin\unityplugin\MoverioBasicFunctionUnityPluginDoc\MoverioBasicFunctionUnityPluginDoc\Help\Working\reflection.nofilenames&quot; へファイルをコピーしています。
  XslTransform (v2019.11.17.0)
  Copyright c 2006-2019, Microsoft Corporation, All Rights Reserved.
  Portions Copyright c 2006-2019, Eric Woodruff, All Rights Reserved.
  Applying XSL transformation &#39;C:\Program Files (x86)\EWSoftware\Sandcastle Help File Builder\ProductionTransforms\AddFilenames.xsl&#39;.
  XslTransform (v2019.11.17.0)
  Copyright c 2006-2019, Microsoft Corporation, All Rights Reserved.
  Portions Copyright c 2006-2019, Eric Woodruff, All Rights Reserved.
  Applying XSL transformation &#39;C:\Program Files (x86)\EWSoftware\Sandcastle Help File Builder\ProductionTransforms\ReflectionToManifest.xsl&#39;.
プロジェクト &quot;c:\jenkins\workspace\MoverioBasicFunctionUnityPlugin\unityplugin\MoverioBasicFunctionUnityPluginDoc\MoverioBasicFunctionUnityPluginDoc\Help\Working\TransformManifest.proj&quot; (既定のターゲット) のビルドが完了しました。
    Last step completed in 00:00:00.5931
</buildStep>
<buildStep step="GenerateNamespaceSummaries">
Generating namespace summary information...
    Last step completed in 00:00:00.1200
</buildStep>
<buildStep step="CopyConceptualContent">
Copying conceptual content...
Copying standard token shared content file...
Checking for other token files...
Checking for code snippets files...
Copying images and creating the media map file...
Generating conceptual topic files
    Last step completed in 00:00:00.0119
</buildStep>
<buildStep step="CreateConceptualTopicConfigs">
Creating conceptual topic configuration files...
    Companion files
    _ContentMetadata_.xml
    Merging topic IDs into manifest.xml
    Last step completed in 00:00:00.0060
</buildStep>
<buildStep step="CopyAdditionalContent">
Copying additional content files...
No additional content to copy
    Last step completed in 00:00:00.0020
</buildStep>
<buildStep step="MergeTablesOfContents">
Merging conceptual and additional tables of contents...
    Last step completed in 00:00:00.0010
</buildStep>
<buildStep step="GenerateIntermediateTableOfContents">
Generating intermediate table of contents file...
[C:\Program Files (x86)\Microsoft Visual Studio\2019\Enterprise\MSBuild\Current\Bin\MSBuild.exe - GenerateIntermediateTOC.proj]
2021/12/20 11:44:02 にビルドを開始しました。
ノード 1 上のプロジェクト &quot;c:\jenkins\workspace\MoverioBasicFunctionUnityPlugin\unityplugin\MoverioBasicFunctionUnityPluginDoc\MoverioBasicFunctionUnityPluginDoc\Help\Working\GenerateIntermediateTOC.proj&quot; (既定のターゲット)。
GenerateIntermediateTOC:
  XslTransform (v2019.11.17.0)
  Copyright c 2006-2019, Microsoft Corporation, All Rights Reserved.
  Portions Copyright c 2006-2019, Eric Woodruff, All Rights Reserved.
  Applying XSL transformation &#39;C:\Program Files (x86)\EWSoftware\Sandcastle Help File Builder\\ProductionTransforms\CreateVSToc.xsl&#39;.
プロジェクト &quot;c:\jenkins\workspace\MoverioBasicFunctionUnityPlugin\unityplugin\MoverioBasicFunctionUnityPluginDoc\MoverioBasicFunctionUnityPluginDoc\Help\Working\GenerateIntermediateTOC.proj&quot; (既定のターゲット) のビルドが完了しました。
Generating conceptual content intermediate TOC file...
    Last step completed in 00:00:00.3279
</buildStep>
<buildStep step="CreateBuildAssemblerConfigs">
Creating Sandcastle configuration files...
    sandcastle.config
    Last step completed in 00:00:00.1360
</buildStep>
<buildStep step="MergeCustomConfigs">
Merging custom build component configurations
c:\jenkins\workspace\MoverioBasicFunctionUnityPlugin\unityplugin\MoverioBasicFunctionUnityPluginDoc\MoverioBasicFunctionUnityPluginDoc\Help\Working\sandcastle.config
  Updating reference topic configurations.
  Updating conceptual topic configurations.
    Removing unused ExampleComponent.
    Last step completed in 00:00:00.0060
</buildStep>
<buildStep step="BuildTopics">
Building help topics...
[C:\Program Files (x86)\Microsoft Visual Studio\2019\Enterprise\MSBuild\Current\Bin\MSBuild.exe - BuildTopics.proj]
2021/12/20 11:44:02 にビルドを開始しました。
ノード 1 上のプロジェクト &quot;c:\jenkins\workspace\MoverioBasicFunctionUnityPlugin\unityplugin\MoverioBasicFunctionUnityPluginDoc\MoverioBasicFunctionUnityPluginDoc\Help\Working\BuildTopics.proj&quot; (既定のターゲット)。
BuildTopics:
  BuildAssembler (v2019.11.17.0)
  Copyright c 2006-2019, Microsoft Corporation, All Rights Reserved.
  Portions Copyright c 2006-2019, Eric Woodruff, All Rights Reserved.
  Loading configuration...
  Processing topics...
BuildAssembler : warning : ShowMissingComponent: [P:MoverioBasicFunctionUnityPlugin.CameraProperty.Brightness] Missing &lt;value&gt; documentation [c:\jenkins\workspace\MoverioBasicFunctionUnityPlugin\unityplugin\MoverioBasicFunctionUnityPluginDoc\MoverioBasicFunctionUnityPluginDoc\Help\Working\BuildTopics.proj]
BuildAssembler : warning : ShowMissingComponent: [P:MoverioBasicFunctionUnityPlugin.CameraProperty.BrightnessMax] Missing &lt;value&gt; documentation [c:\jenkins\workspace\MoverioBasicFunctionUnityPlugin\unityplugin\MoverioBasicFunctionUnityPluginDoc\MoverioBasicFunctionUnityPluginDoc\Help\Working\BuildTopics.proj]
BuildAssembler : warning : ShowMissingComponent: [P:MoverioBasicFunctionUnityPlugin.CameraProperty.BrightnessMin] Missing &lt;value&gt; documentation [c:\jenkins\workspace\MoverioBasicFunctionUnityPlugin\unityplugin\MoverioBasicFunctionUnityPluginDoc\MoverioBasicFunctionUnityPluginDoc\Help\Working\BuildTopics.proj]
BuildAssembler : warning : ShowMissingComponent: [P:MoverioBasicFunctionUnityPlugin.CameraProperty.CaptureFps] Missing &lt;value&gt; documentation [c:\jenkins\workspace\MoverioBasicFunctionUnityPlugin\unityplugin\MoverioBasicFunctionUnityPluginDoc\MoverioBasicFunctionUnityPluginDoc\Help\Working\BuildTopics.proj]
BuildAssembler : warning : ShowMissingComponent: [P:MoverioBasicFunctionUnityPlugin.CameraProperty.CaptureSize] Missing &lt;value&gt; documentation [c:\jenkins\workspace\MoverioBasicFunctionUnityPlugin\unityplugin\MoverioBasicFunctionUnityPluginDoc\MoverioBasicFunctionUnityPluginDoc\Help\Working\BuildTopics.proj]
BuildAssembler : warning : ShowMissingComponent: [P:MoverioBasicFunctionUnityPlugin.CameraProperty.ExposureMode] Missing &lt;value&gt; documentation [c:\jenkins\workspace\MoverioBasicFunctionUnityPlugin\unityplugin\MoverioBasicFunctionUnityPluginDoc\MoverioBasicFunctionUnityPluginDoc\Help\Working\BuildTopics.proj]
BuildAssembler : warning : ShowMissingComponent: [P:MoverioBasicFunctionUnityPlugin.CameraProperty.ExposureStep] Missing &lt;value&gt; documentation [c:\jenkins\workspace\MoverioBasicFunctionUnityPlugin\unityplugin\MoverioBasicFunctionUnityPluginDoc\MoverioBasicFunctionUnityPluginDoc\Help\Working\BuildTopics.proj]
BuildAssembler : warning : ShowMissingComponent: [P:MoverioBasicFunctionUnityPlugin.CameraProperty.ExposureStepMax] Missing &lt;value&gt; documentation [c:\jenkins\workspace\MoverioBasicFunctionUnityPlugin\unityplugin\MoverioBasicFunctionUnityPluginDoc\MoverioBasicFunctionUnityPluginDoc\Help\Working\BuildTopics.proj]
BuildAssembler : warning : ShowMissingComponent: [P:MoverioBasicFunctionUnityPlugin.CameraProperty.ExposureStepMin] Missing &lt;value&gt; documentation [c:\jenkins\workspace\MoverioBasicFunctionUnityPlugin\unityplugin\MoverioBasicFunctionUnityPluginDoc\MoverioBasicFunctionUnityPluginDoc\Help\Working\BuildTopics.proj]
BuildAssembler : warning : ShowMissingComponent: [P:MoverioBasicFunctionUnityPlugin.CameraProperty.FocusDistance] Missing &lt;value&gt; documentation [c:\jenkins\workspace\MoverioBasicFunctionUnityPlugin\unityplugin\MoverioBasicFunctionUnityPluginDoc\MoverioBasicFunctionUnityPluginDoc\Help\Working\BuildTopics.proj]
BuildAssembler : warning : ShowMissingComponent: [P:MoverioBasicFunctionUnityPlugin.CameraProperty.FocusDistanceMax] Missing &lt;value&gt; documentation [c:\jenkins\workspace\MoverioBasicFunctionUnityPlugin\unityplugin\MoverioBasicFunctionUnityPluginDoc\MoverioBasicFunctionUnityPluginDoc\Help\Working\BuildTopics.proj]
BuildAssembler : warning : ShowMissingComponent: [P:MoverioBasicFunctionUnityPlugin.CameraProperty.FocusDistanceMin] Missing &lt;value&gt; documentation [c:\jenkins\workspace\MoverioBasicFunctionUnityPlugin\unityplugin\MoverioBasicFunctionUnityPluginDoc\MoverioBasicFunctionUnityPluginDoc\Help\Working\BuildTopics.proj]
BuildAssembler : warning : ShowMissingComponent: [P:MoverioBasicFunctionUnityPlugin.CameraProperty.FocusMode] Missing &lt;value&gt; documentation [c:\jenkins\workspace\MoverioBasicFunctionUnityPlugin\unityplugin\MoverioBasicFunctionUnityPluginDoc\MoverioBasicFunctionUnityPluginDoc\Help\Working\BuildTopics.proj]
BuildAssembler : warning : ShowMissingComponent: [P:MoverioBasicFunctionUnityPlugin.CameraProperty.Gain] Missing &lt;value&gt; documentation [c:\jenkins\workspace\MoverioBasicFunctionUnityPlugin\unityplugin\MoverioBasicFunctionUnityPluginDoc\MoverioBasicFunctionUnityPluginDoc\Help\Working\BuildTopics.proj]
BuildAssembler : warning : ShowMissingComponent: [P:MoverioBasicFunctionUnityPlugin.CameraProperty.GainMax] Missing &lt;value&gt; documentation [c:\jenkins\workspace\MoverioBasicFunctionUnityPlugin\unityplugin\MoverioBasicFunctionUnityPluginDoc\MoverioBasicFunctionUnityPluginDoc\Help\Working\BuildTopics.proj]
BuildAssembler : warning : ShowMissingComponent: [P:MoverioBasicFunctionUnityPlugin.CameraProperty.GainMin] Missing &lt;value&gt; documentation [c:\jenkins\workspace\MoverioBasicFunctionUnityPlugin\unityplugin\MoverioBasicFunctionUnityPluginDoc\MoverioBasicFunctionUnityPluginDoc\Help\Working\BuildTopics.proj]
BuildAssembler : warning : ShowMissingComponent: [P:MoverioBasicFunctionUnityPlugin.CameraProperty.IndicatorMode] Missing &lt;value&gt; documentation [c:\jenkins\workspace\MoverioBasicFunctionUnityPlugin\unityplugin\MoverioBasicFunctionUnityPluginDoc\MoverioBasicFunctionUnityPluginDoc\Help\Working\BuildTopics.proj]
BuildAssembler : warning : ShowMissingComponent: [P:MoverioBasicFunctionUnityPlugin.CameraProperty.PowerLineFrequencyControlMode] Missing &lt;value&gt; documentation [c:\jenkins\workspace\MoverioBasicFunctionUnityPlugin\unityplugin\MoverioBasicFunctionUnityPluginDoc\MoverioBasicFunctionUnityPluginDoc\Help\Working\BuildTopics.proj]
BuildAssembler : warning : ShowMissingComponent: [P:MoverioBasicFunctionUnityPlugin.CameraProperty.WhiteBalanceMode] Missing &lt;value&gt; documentation [c:\jenkins\workspace\MoverioBasicFunctionUnityPlugin\unityplugin\MoverioBasicFunctionUnityPluginDoc\MoverioBasicFunctionUnityPluginDoc\Help\Working\BuildTopics.proj]
BuildAssembler : warning : ResolveReferenceLinksComponent: [T:MoverioBasicFunctionUnityPlugin.MoverioAudio] Unknown reference link target &#39;T:UnityEngine.Object&#39;. [c:\jenkins\workspace\MoverioBasicFunctionUnityPlugin\unityplugin\MoverioBasicFunctionUnityPluginDoc\MoverioBasicFunctionUnityPluginDoc\Help\Working\BuildTopics.proj]
BuildAssembler : warning : ResolveReferenceLinksComponent: [T:MoverioBasicFunctionUnityPlugin.MoverioAudio] Unknown reference link target &#39;T:UnityEngine.Component&#39;. [c:\jenkins\workspace\MoverioBasicFunctionUnityPlugin\unityplugin\MoverioBasicFunctionUnityPluginDoc\MoverioBasicFunctionUnityPluginDoc\Help\Working\BuildTopics.proj]
BuildAssembler : warning : ResolveReferenceLinksComponent: [T:MoverioBasicFunctionUnityPlugin.MoverioAudio] Unknown reference link target &#39;T:UnityEngine.Behaviour&#39;. [c:\jenkins\workspace\MoverioBasicFunctionUnityPlugin\unityplugin\MoverioBasicFunctionUnityPluginDoc\MoverioBasicFunctionUnityPluginDoc\Help\Working\BuildTopics.proj]
BuildAssembler : warning : ResolveReferenceLinksComponent: [T:MoverioBasicFunctionUnityPlugin.MoverioAudio] Unknown reference link target &#39;T:UnityEngine.MonoBehaviour&#39;. [c:\jenkins\workspace\MoverioBasicFunctionUnityPlugin\unityplugin\MoverioBasicFunctionUnityPluginDoc\MoverioBasicFunctionUnityPluginDoc\Help\Working\BuildTopics.proj]
BuildAssembler : warning : ResolveReferenceLinksComponent: [T:MoverioBasicFunctionUnityPlugin.MoverioCamera] Unknown reference link target &#39;T:UnityEngine.Object&#39;. [c:\jenkins\workspace\MoverioBasicFunctionUnityPlugin\unityplugin\MoverioBasicFunctionUnityPluginDoc\MoverioBasicFunctionUnityPluginDoc\Help\Working\BuildTopics.proj]
BuildAssembler : warning : ResolveReferenceLinksComponent: [T:MoverioBasicFunctionUnityPlugin.MoverioCamera] Unknown reference link target &#39;T:UnityEngine.Component&#39;. [c:\jenkins\workspace\MoverioBasicFunctionUnityPlugin\unityplugin\MoverioBasicFunctionUnityPluginDoc\MoverioBasicFunctionUnityPluginDoc\Help\Working\BuildTopics.proj]
BuildAssembler : warning : ResolveReferenceLinksComponent: [T:MoverioBasicFunctionUnityPlugin.MoverioCamera] Unknown reference link target &#39;T:UnityEngine.Behaviour&#39;. [c:\jenkins\workspace\MoverioBasicFunctionUnityPlugin\unityplugin\MoverioBasicFunctionUnityPluginDoc\MoverioBasicFunctionUnityPluginDoc\Help\Working\BuildTopics.proj]
BuildAssembler : warning : ResolveReferenceLinksComponent: [T:MoverioBasicFunctionUnityPlugin.MoverioCamera] Unknown reference link target &#39;T:UnityEngine.MonoBehaviour&#39;. [c:\jenkins\workspace\MoverioBasicFunctionUnityPlugin\unityplugin\MoverioBasicFunctionUnityPluginDoc\MoverioBasicFunctionUnityPluginDoc\Help\Working\BuildTopics.proj]
BuildAssembler : warning : ResolveReferenceLinksComponent: [F:MoverioBasicFunctionUnityPlugin.MoverioCamera.CameraPreviewRenderTexture] Unknown reference link target &#39;T:UnityEngine.RenderTexture&#39;. [c:\jenkins\workspace\MoverioBasicFunctionUnityPlugin\unityplugin\MoverioBasicFunctionUnityPluginDoc\MoverioBasicFunctionUnityPluginDoc\Help\Working\BuildTopics.proj]
BuildAssembler : warning : ResolveReferenceLinksComponent: [F:MoverioBasicFunctionUnityPlugin.MoverioCamera.OnPictureCompleted] Unknown reference link target &#39;T:UnityEngine.Events.UnityEvent&#39;. [c:\jenkins\workspace\MoverioBasicFunctionUnityPlugin\unityplugin\MoverioBasicFunctionUnityPluginDoc\MoverioBasicFunctionUnityPluginDoc\Help\Working\BuildTopics.proj]
BuildAssembler : warning : ResolveReferenceLinksComponent: [F:MoverioBasicFunctionUnityPlugin.MoverioCamera.OnRecordStarted] Unknown reference link target &#39;T:UnityEngine.Events.UnityEvent&#39;. [c:\jenkins\workspace\MoverioBasicFunctionUnityPlugin\unityplugin\MoverioBasicFunctionUnityPluginDoc\MoverioBasicFunctionUnityPluginDoc\Help\Working\BuildTopics.proj]
BuildAssembler : warning : ResolveReferenceLinksComponent: [F:MoverioBasicFunctionUnityPlugin.MoverioCamera.OnRecordStopped] Unknown reference link target &#39;T:UnityEngine.Events.UnityEvent&#39;. [c:\jenkins\workspace\MoverioBasicFunctionUnityPlugin\unityplugin\MoverioBasicFunctionUnityPluginDoc\MoverioBasicFunctionUnityPluginDoc\Help\Working\BuildTopics.proj]
BuildAssembler : warning : ResolveReferenceLinksComponent: [T:MoverioBasicFunctionUnityPlugin.MoverioCamera.CaptureDataHandler] Unknown reference link target &#39;T:UnityEngine.Events.UnityEventBase&#39;. [c:\jenkins\workspace\MoverioBasicFunctionUnityPlugin\unityplugin\MoverioBasicFunctionUnityPluginDoc\MoverioBasicFunctionUnityPluginDoc\Help\Working\BuildTopics.proj]
BuildAssembler : warning : ResolveReferenceLinksComponent: [T:MoverioBasicFunctionUnityPlugin.MoverioCamera.CaptureDataHandler] Unknown reference link target &#39;T:UnityEngine.Events.UnityEvent`1&#39;. [c:\jenkins\workspace\MoverioBasicFunctionUnityPlugin\unityplugin\MoverioBasicFunctionUnityPluginDoc\MoverioBasicFunctionUnityPluginDoc\Help\Working\BuildTopics.proj]
BuildAssembler : warning : ResolveReferenceLinksComponent: [T:MoverioBasicFunctionUnityPlugin.MoverioCamera.SetPropertyCompletedHandler] Unknown reference link target &#39;T:UnityEngine.Events.UnityEventBase&#39;. [c:\jenkins\workspace\MoverioBasicFunctionUnityPlugin\unityplugin\MoverioBasicFunctionUnityPluginDoc\MoverioBasicFunctionUnityPluginDoc\Help\Working\BuildTopics.proj]
BuildAssembler : warning : ResolveReferenceLinksComponent: [T:MoverioBasicFunctionUnityPlugin.MoverioCamera.SetPropertyCompletedHandler] Unknown reference link target &#39;T:UnityEngine.Events.UnityEvent`1&#39;. [c:\jenkins\workspace\MoverioBasicFunctionUnityPlugin\unityplugin\MoverioBasicFunctionUnityPluginDoc\MoverioBasicFunctionUnityPluginDoc\Help\Working\BuildTopics.proj]
BuildAssembler : warning : ResolveReferenceLinksComponent: [T:MoverioBasicFunctionUnityPlugin.MoverioDisplay] Unknown reference link target &#39;T:UnityEngine.Object&#39;. [c:\jenkins\workspace\MoverioBasicFunctionUnityPlugin\unityplugin\MoverioBasicFunctionUnityPluginDoc\MoverioBasicFunctionUnityPluginDoc\Help\Working\BuildTopics.proj]
BuildAssembler : warning : ResolveReferenceLinksComponent: [T:MoverioBasicFunctionUnityPlugin.MoverioDisplay] Unknown reference link target &#39;T:UnityEngine.Component&#39;. [c:\jenkins\workspace\MoverioBasicFunctionUnityPlugin\unityplugin\MoverioBasicFunctionUnityPluginDoc\MoverioBasicFunctionUnityPluginDoc\Help\Working\BuildTopics.proj]
BuildAssembler : warning : ResolveReferenceLinksComponent: [T:MoverioBasicFunctionUnityPlugin.MoverioDisplay] Unknown reference link target &#39;T:UnityEngine.Behaviour&#39;. [c:\jenkins\workspace\MoverioBasicFunctionUnityPlugin\unityplugin\MoverioBasicFunctionUnityPluginDoc\MoverioBasicFunctionUnityPluginDoc\Help\Working\BuildTopics.proj]
BuildAssembler : warning : ResolveReferenceLinksComponent: [T:MoverioBasicFunctionUnityPlugin.MoverioDisplay] Unknown reference link target &#39;T:UnityEngine.MonoBehaviour&#39;. [c:\jenkins\workspace\MoverioBasicFunctionUnityPlugin\unityplugin\MoverioBasicFunctionUnityPluginDoc\MoverioBasicFunctionUnityPluginDoc\Help\Working\BuildTopics.proj]
BuildAssembler : warning : ShowMissingComponent: [M:MoverioBasicFunctionUnityPlugin.MoverioDisplay.SetScreenHorizontalShiftStep(System.Int32)] Missing &lt;param name=&quot;step&quot;/&gt; documentation [c:\jenkins\workspace\MoverioBasicFunctionUnityPlugin\unityplugin\MoverioBasicFunctionUnityPluginDoc\MoverioBasicFunctionUnityPluginDoc\Help\Working\BuildTopics.proj]
BuildAssembler : warning : ResolveReferenceLinksComponent: [T:MoverioBasicFunctionUnityPlugin.MoverioInfo] Unknown reference link target &#39;T:UnityEngine.Object&#39;. [c:\jenkins\workspace\MoverioBasicFunctionUnityPlugin\unityplugin\MoverioBasicFunctionUnityPluginDoc\MoverioBasicFunctionUnityPluginDoc\Help\Working\BuildTopics.proj]
BuildAssembler : warning : ResolveReferenceLinksComponent: [T:MoverioBasicFunctionUnityPlugin.MoverioInfo] Unknown reference link target &#39;T:UnityEngine.Component&#39;. [c:\jenkins\workspace\MoverioBasicFunctionUnityPlugin\unityplugin\MoverioBasicFunctionUnityPluginDoc\MoverioBasicFunctionUnityPluginDoc\Help\Working\BuildTopics.proj]
BuildAssembler : warning : ResolveReferenceLinksComponent: [T:MoverioBasicFunctionUnityPlugin.MoverioInfo] Unknown reference link target &#39;T:UnityEngine.Behaviour&#39;. [c:\jenkins\workspace\MoverioBasicFunctionUnityPlugin\unityplugin\MoverioBasicFunctionUnityPluginDoc\MoverioBasicFunctionUnityPluginDoc\Help\Working\BuildTopics.proj]
BuildAssembler : warning : ResolveReferenceLinksComponent: [T:MoverioBasicFunctionUnityPlugin.MoverioInfo] Unknown reference link target &#39;T:UnityEngine.MonoBehaviour&#39;. [c:\jenkins\workspace\MoverioBasicFunctionUnityPlugin\unityplugin\MoverioBasicFunctionUnityPluginDoc\MoverioBasicFunctionUnityPluginDoc\Help\Working\BuildTopics.proj]
BuildAssembler : warning : ResolveReferenceLinksComponent: [F:MoverioBasicFunctionUnityPlugin.MoverioInfo.OnHeadsetAttached] Unknown reference link target &#39;T:UnityEngine.Events.UnityEvent&#39;. [c:\jenkins\workspace\MoverioBasicFunctionUnityPlugin\unityplugin\MoverioBasicFunctionUnityPluginDoc\MoverioBasicFunctionUnityPluginDoc\Help\Working\BuildTopics.proj]
BuildAssembler : warning : ResolveReferenceLinksComponent: [F:MoverioBasicFunctionUnityPlugin.MoverioInfo.OnHeadsetDetached] Unknown reference link target &#39;T:UnityEngine.Events.UnityEvent&#39;. [c:\jenkins\workspace\MoverioBasicFunctionUnityPlugin\unityplugin\MoverioBasicFunctionUnityPluginDoc\MoverioBasicFunctionUnityPluginDoc\Help\Working\BuildTopics.proj]
BuildAssembler : warning : ResolveReferenceLinksComponent: [T:MoverioBasicFunctionUnityPlugin.MoverioInput] Unknown reference link target &#39;T:UnityEngine.Object&#39;. [c:\jenkins\workspace\MoverioBasicFunctionUnityPlugin\unityplugin\MoverioBasicFunctionUnityPluginDoc\MoverioBasicFunctionUnityPluginDoc\Help\Working\BuildTopics.proj]
BuildAssembler : warning : ResolveReferenceLinksComponent: [T:MoverioBasicFunctionUnityPlugin.MoverioInput] Unknown reference link target &#39;T:UnityEngine.Component&#39;. [c:\jenkins\workspace\MoverioBasicFunctionUnityPlugin\unityplugin\MoverioBasicFunctionUnityPluginDoc\MoverioBasicFunctionUnityPluginDoc\Help\Working\BuildTopics.proj]
BuildAssembler : warning : ResolveReferenceLinksComponent: [T:MoverioBasicFunctionUnityPlugin.MoverioInput] Unknown reference link target &#39;T:UnityEngine.Behaviour&#39;. [c:\jenkins\workspace\MoverioBasicFunctionUnityPlugin\unityplugin\MoverioBasicFunctionUnityPluginDoc\MoverioBasicFunctionUnityPluginDoc\Help\Working\BuildTopics.proj]
BuildAssembler : warning : ResolveReferenceLinksComponent: [T:MoverioBasicFunctionUnityPlugin.MoverioInput] Unknown reference link target &#39;T:UnityEngine.MonoBehaviour&#39;. [c:\jenkins\workspace\MoverioBasicFunctionUnityPlugin\unityplugin\MoverioBasicFunctionUnityPluginDoc\MoverioBasicFunctionUnityPluginDoc\Help\Working\BuildTopics.proj]
BuildAssembler : warning : ResolveReferenceLinksComponent: [M:MoverioBasicFunctionUnityPlugin.MoverioInput.GetAcc] Unknown reference link target &#39;T:UnityEngine.Vector3&#39;. [c:\jenkins\workspace\MoverioBasicFunctionUnityPlugin\unityplugin\MoverioBasicFunctionUnityPluginDoc\MoverioBasicFunctionUnityPluginDoc\Help\Working\BuildTopics.proj]
BuildAssembler : warning : ResolveReferenceLinksComponent: [M:MoverioBasicFunctionUnityPlugin.MoverioInput.GetGameRotation] Unknown reference link target &#39;T:UnityEngine.Quaternion&#39;. [c:\jenkins\workspace\MoverioBasicFunctionUnityPlugin\unityplugin\MoverioBasicFunctionUnityPluginDoc\MoverioBasicFunctionUnityPluginDoc\Help\Working\BuildTopics.proj]
BuildAssembler : warning : ResolveReferenceLinksComponent: [M:MoverioBasicFunctionUnityPlugin.MoverioInput.GetGravity] Unknown reference link target &#39;T:UnityEngine.Vector3&#39;. [c:\jenkins\workspace\MoverioBasicFunctionUnityPlugin\unityplugin\MoverioBasicFunctionUnityPluginDoc\MoverioBasicFunctionUnityPluginDoc\Help\Working\BuildTopics.proj]
BuildAssembler : warning : ResolveReferenceLinksComponent: [M:MoverioBasicFunctionUnityPlugin.MoverioInput.GetGyro] Unknown reference link target &#39;T:UnityEngine.Vector3&#39;. [c:\jenkins\workspace\MoverioBasicFunctionUnityPlugin\unityplugin\MoverioBasicFunctionUnityPluginDoc\MoverioBasicFunctionUnityPluginDoc\Help\Working\BuildTopics.proj]
BuildAssembler : warning : ResolveReferenceLinksComponent: [M:MoverioBasicFunctionUnityPlugin.MoverioInput.GetLinearAcc] Unknown reference link target &#39;T:UnityEngine.Vector3&#39;. [c:\jenkins\workspace\MoverioBasicFunctionUnityPlugin\unityplugin\MoverioBasicFunctionUnityPluginDoc\MoverioBasicFunctionUnityPluginDoc\Help\Working\BuildTopics.proj]
BuildAssembler : warning : ResolveReferenceLinksComponent: [M:MoverioBasicFunctionUnityPlugin.MoverioInput.GetMag] Unknown reference link target &#39;T:UnityEngine.Vector3&#39;. [c:\jenkins\workspace\MoverioBasicFunctionUnityPlugin\unityplugin\MoverioBasicFunctionUnityPluginDoc\MoverioBasicFunctionUnityPluginDoc\Help\Working\BuildTopics.proj]
BuildAssembler : warning : ResolveReferenceLinksComponent: [M:MoverioBasicFunctionUnityPlugin.MoverioInput.GetRotation] Unknown reference link target &#39;T:UnityEngine.Quaternion&#39;. [c:\jenkins\workspace\MoverioBasicFunctionUnityPlugin\unityplugin\MoverioBasicFunctionUnityPluginDoc\MoverioBasicFunctionUnityPluginDoc\Help\Working\BuildTopics.proj]
BuildAssembler : warning : ShowMissingComponent: [M:MoverioBasicFunctionUnityPlugin.MoverioInput.Reconnect] Missing &lt;summary&gt; documentation [c:\jenkins\workspace\MoverioBasicFunctionUnityPlugin\unityplugin\MoverioBasicFunctionUnityPluginDoc\MoverioBasicFunctionUnityPluginDoc\Help\Working\BuildTopics.proj]
BuildAssembler : warning : ResolveReferenceLinksComponent: [T:MoverioBasicFunctionUnityPlugin.MoverioInput.HeadsetDetectHandler] Unknown reference link target &#39;T:UnityEngine.Events.UnityEventBase&#39;. [c:\jenkins\workspace\MoverioBasicFunctionUnityPlugin\unityplugin\MoverioBasicFunctionUnityPluginDoc\MoverioBasicFunctionUnityPluginDoc\Help\Working\BuildTopics.proj]
BuildAssembler : warning : ResolveReferenceLinksComponent: [T:MoverioBasicFunctionUnityPlugin.MoverioInput.HeadsetDetectHandler] Unknown reference link target &#39;T:UnityEngine.Events.UnityEvent`1&#39;. [c:\jenkins\workspace\MoverioBasicFunctionUnityPlugin\unityplugin\MoverioBasicFunctionUnityPluginDoc\MoverioBasicFunctionUnityPluginDoc\Help\Working\BuildTopics.proj]
  Processed 135 topic(s)
  60 warning(s)
  CopyFromIndexComponent: &quot;metadata&quot; in-memory cache entries used: 0 of 15.
  ResolveArtLinksComponent: Copying media files...
  CopyFromIndexComponent: &quot;reflection&quot; in-memory cache entries used: 2 of 15.
  CopyFromIndexComponent: &quot;comments&quot; in-memory cache entries used: 1 of 30.
プロジェクト &quot;c:\jenkins\workspace\MoverioBasicFunctionUnityPlugin\unityplugin\MoverioBasicFunctionUnityPluginDoc\MoverioBasicFunctionUnityPluginDoc\Help\Working\BuildTopics.proj&quot; (既定のターゲット) のビルドが完了しました。
    Last step completed in 00:00:03.5970
</buildStep>
<buildStep step="CombiningIntermediateTocFiles">
Combining conceptual and API intermediate TOC files...
    Last step completed in 00:00:00.0190
</buildStep>
<buildStep step="ExtractingHtmlInfo">
Extracting HTML info for HTML Help 1 and/or website...
[C:\Program Files (x86)\Microsoft Visual Studio\2019\Enterprise\MSBuild\Current\Bin\MSBuild.exe - ExtractHtmlInfo.proj]
Sandcastle Help File Builder and Tools, version 2019.11.17.0
Copyright c 2006-2019, Eric Woodruff, All Rights Reserved
E-Mail: Eric@EWoodruff.us

Using LCID &#39;1033&#39;, code page &#39;65001&#39;, encoding charset &#39;UTF-8&#39;.

Processing website files in c:\jenkins\workspace\MoverioBasicFunctionUnityPlugin\unityplugin\MoverioBasicFunctionUnityPluginDoc\MoverioBasicFunctionUnityPluginDoc\Help\Working\Output\Website
Processed 135 HTML files
Sorting keywords and generating See Also indices
Saving website keyword index to c:\jenkins\workspace\MoverioBasicFunctionUnityPlugin\unityplugin\MoverioBasicFunctionUnityPluginDoc\MoverioBasicFunctionUnityPluginDoc\Help\Working\WebKI.xml
Saving website table of contents to c:\jenkins\workspace\MoverioBasicFunctionUnityPlugin\unityplugin\MoverioBasicFunctionUnityPluginDoc\MoverioBasicFunctionUnityPluginDoc\Help\Working\WebTOC.xml
    Last step completed in 00:00:00.3680
</buildStep>
<buildStep step="CopyStandardHelpContent">
Copying standard help content...
C:\Program Files (x86)\EWSoftware\Sandcastle Help File Builder\PresentationStyles\VS2013\icons\AlertCaution.png -&gt; c:\jenkins\workspace\MoverioBasicFunctionUnityPlugin\unityplugin\MoverioBasicFunctionUnityPluginDoc\MoverioBasicFunctionUnityPluginDoc\Help\Working\Output\Website\icons\AlertCaution.png
C:\Program Files (x86)\EWSoftware\Sandcastle Help File Builder\PresentationStyles\VS2013\icons\AlertNote.png -&gt; c:\jenkins\workspace\MoverioBasicFunctionUnityPlugin\unityplugin\MoverioBasicFunctionUnityPluginDoc\MoverioBasicFunctionUnityPluginDoc\Help\Working\Output\Website\icons\AlertNote.png
C:\Program Files (x86)\EWSoftware\Sandcastle Help File Builder\PresentationStyles\VS2013\icons\AlertSecurity.png -&gt; c:\jenkins\workspace\MoverioBasicFunctionUnityPlugin\unityplugin\MoverioBasicFunctionUnityPluginDoc\MoverioBasicFunctionUnityPluginDoc\Help\Working\Output\Website\icons\AlertSecurity.png
C:\Program Files (x86)\EWSoftware\Sandcastle Help File Builder\PresentationStyles\VS2013\icons\CFW.gif -&gt; c:\jenkins\workspace\MoverioBasicFunctionUnityPlugin\unityplugin\MoverioBasicFunctionUnityPluginDoc\MoverioBasicFunctionUnityPluginDoc\Help\Working\Output\Website\icons\CFW.gif
C:\Program Files (x86)\EWSoftware\Sandcastle Help File Builder\PresentationStyles\VS2013\icons\CodeExample.png -&gt; c:\jenkins\workspace\MoverioBasicFunctionUnityPlugin\unityplugin\MoverioBasicFunctionUnityPluginDoc\MoverioBasicFunctionUnityPluginDoc\Help\Working\Output\Website\icons\CodeExample.png
C:\Program Files (x86)\EWSoftware\Sandcastle Help File Builder\PresentationStyles\VS2013\icons\favicon.ico -&gt; c:\jenkins\workspace\MoverioBasicFunctionUnityPlugin\unityplugin\MoverioBasicFunctionUnityPluginDoc\MoverioBasicFunctionUnityPluginDoc\Help\Working\Output\Website\icons\favicon.ico
C:\Program Files (x86)\EWSoftware\Sandcastle Help File Builder\PresentationStyles\VS2013\icons\privclass.gif -&gt; c:\jenkins\workspace\MoverioBasicFunctionUnityPlugin\unityplugin\MoverioBasicFunctionUnityPluginDoc\MoverioBasicFunctionUnityPluginDoc\Help\Working\Output\Website\icons\privclass.gif
C:\Program Files (x86)\EWSoftware\Sandcastle Help File Builder\PresentationStyles\VS2013\icons\privdelegate.gif -&gt; c:\jenkins\workspace\MoverioBasicFunctionUnityPlugin\unityplugin\MoverioBasicFunctionUnityPluginDoc\MoverioBasicFunctionUnityPluginDoc\Help\Working\Output\Website\icons\privdelegate.gif
C:\Program Files (x86)\EWSoftware\Sandcastle Help File Builder\PresentationStyles\VS2013\icons\privenumeration.gif -&gt; c:\jenkins\workspace\MoverioBasicFunctionUnityPlugin\unityplugin\MoverioBasicFunctionUnityPluginDoc\MoverioBasicFunctionUnityPluginDoc\Help\Working\Output\Website\icons\privenumeration.gif
C:\Program Files (x86)\EWSoftware\Sandcastle Help File Builder\PresentationStyles\VS2013\icons\privevent.gif -&gt; c:\jenkins\workspace\MoverioBasicFunctionUnityPlugin\unityplugin\MoverioBasicFunctionUnityPluginDoc\MoverioBasicFunctionUnityPluginDoc\Help\Working\Output\Website\icons\privevent.gif
C:\Program Files (x86)\EWSoftware\Sandcastle Help File Builder\PresentationStyles\VS2013\icons\privextension.gif -&gt; c:\jenkins\workspace\MoverioBasicFunctionUnityPlugin\unityplugin\MoverioBasicFunctionUnityPluginDoc\MoverioBasicFunctionUnityPluginDoc\Help\Working\Output\Website\icons\privextension.gif
C:\Program Files (x86)\EWSoftware\Sandcastle Help File Builder\PresentationStyles\VS2013\icons\privfield.gif -&gt; c:\jenkins\workspace\MoverioBasicFunctionUnityPlugin\unityplugin\MoverioBasicFunctionUnityPluginDoc\MoverioBasicFunctionUnityPluginDoc\Help\Working\Output\Website\icons\privfield.gif
C:\Program Files (x86)\EWSoftware\Sandcastle Help File Builder\PresentationStyles\VS2013\icons\privinterface.gif -&gt; c:\jenkins\workspace\MoverioBasicFunctionUnityPlugin\unityplugin\MoverioBasicFunctionUnityPluginDoc\MoverioBasicFunctionUnityPluginDoc\Help\Working\Output\Website\icons\privinterface.gif
C:\Program Files (x86)\EWSoftware\Sandcastle Help File Builder\PresentationStyles\VS2013\icons\privmethod.gif -&gt; c:\jenkins\workspace\MoverioBasicFunctionUnityPlugin\unityplugin\MoverioBasicFunctionUnityPluginDoc\MoverioBasicFunctionUnityPluginDoc\Help\Working\Output\Website\icons\privmethod.gif
C:\Program Files (x86)\EWSoftware\Sandcastle Help File Builder\PresentationStyles\VS2013\icons\privproperty.gif -&gt; c:\jenkins\workspace\MoverioBasicFunctionUnityPlugin\unityplugin\MoverioBasicFunctionUnityPluginDoc\MoverioBasicFunctionUnityPluginDoc\Help\Working\Output\Website\icons\privproperty.gif
C:\Program Files (x86)\EWSoftware\Sandcastle Help File Builder\PresentationStyles\VS2013\icons\privstructure.gif -&gt; c:\jenkins\workspace\MoverioBasicFunctionUnityPlugin\unityplugin\MoverioBasicFunctionUnityPluginDoc\MoverioBasicFunctionUnityPluginDoc\Help\Working\Output\Website\icons\privstructure.gif
C:\Program Files (x86)\EWSoftware\Sandcastle Help File Builder\PresentationStyles\VS2013\icons\protclass.gif -&gt; c:\jenkins\workspace\MoverioBasicFunctionUnityPlugin\unityplugin\MoverioBasicFunctionUnityPluginDoc\MoverioBasicFunctionUnityPluginDoc\Help\Working\Output\Website\icons\protclass.gif
C:\Program Files (x86)\EWSoftware\Sandcastle Help File Builder\PresentationStyles\VS2013\icons\protdelegate.gif -&gt; c:\jenkins\workspace\MoverioBasicFunctionUnityPlugin\unityplugin\MoverioBasicFunctionUnityPluginDoc\MoverioBasicFunctionUnityPluginDoc\Help\Working\Output\Website\icons\protdelegate.gif
C:\Program Files (x86)\EWSoftware\Sandcastle Help File Builder\PresentationStyles\VS2013\icons\protenumeration.gif -&gt; c:\jenkins\workspace\MoverioBasicFunctionUnityPlugin\unityplugin\MoverioBasicFunctionUnityPluginDoc\MoverioBasicFunctionUnityPluginDoc\Help\Working\Output\Website\icons\protenumeration.gif
C:\Program Files (x86)\EWSoftware\Sandcastle Help File Builder\PresentationStyles\VS2013\icons\protevent.gif -&gt; c:\jenkins\workspace\MoverioBasicFunctionUnityPlugin\unityplugin\MoverioBasicFunctionUnityPluginDoc\MoverioBasicFunctionUnityPluginDoc\Help\Working\Output\Website\icons\protevent.gif
C:\Program Files (x86)\EWSoftware\Sandcastle Help File Builder\PresentationStyles\VS2013\icons\protextension.gif -&gt; c:\jenkins\workspace\MoverioBasicFunctionUnityPlugin\unityplugin\MoverioBasicFunctionUnityPluginDoc\MoverioBasicFunctionUnityPluginDoc\Help\Working\Output\Website\icons\protextension.gif
C:\Program Files (x86)\EWSoftware\Sandcastle Help File Builder\PresentationStyles\VS2013\icons\protfield.gif -&gt; c:\jenkins\workspace\MoverioBasicFunctionUnityPlugin\unityplugin\MoverioBasicFunctionUnityPluginDoc\MoverioBasicFunctionUnityPluginDoc\Help\Working\Output\Website\icons\protfield.gif
C:\Program Files (x86)\EWSoftware\Sandcastle Help File Builder\PresentationStyles\VS2013\icons\protinterface.gif -&gt; c:\jenkins\workspace\MoverioBasicFunctionUnityPlugin\unityplugin\MoverioBasicFunctionUnityPluginDoc\MoverioBasicFunctionUnityPluginDoc\Help\Working\Output\Website\icons\protinterface.gif
C:\Program Files (x86)\EWSoftware\Sandcastle Help File Builder\PresentationStyles\VS2013\icons\protmethod.gif -&gt; c:\jenkins\workspace\MoverioBasicFunctionUnityPlugin\unityplugin\MoverioBasicFunctionUnityPluginDoc\MoverioBasicFunctionUnityPluginDoc\Help\Working\Output\Website\icons\protmethod.gif
C:\Program Files (x86)\EWSoftware\Sandcastle Help File Builder\PresentationStyles\VS2013\icons\protoperator.gif -&gt; c:\jenkins\workspace\MoverioBasicFunctionUnityPlugin\unityplugin\MoverioBasicFunctionUnityPluginDoc\MoverioBasicFunctionUnityPluginDoc\Help\Working\Output\Website\icons\protoperator.gif
C:\Program Files (x86)\EWSoftware\Sandcastle Help File Builder\PresentationStyles\VS2013\icons\protproperty.gif -&gt; c:\jenkins\workspace\MoverioBasicFunctionUnityPlugin\unityplugin\MoverioBasicFunctionUnityPluginDoc\MoverioBasicFunctionUnityPluginDoc\Help\Working\Output\Website\icons\protproperty.gif
C:\Program Files (x86)\EWSoftware\Sandcastle Help File Builder\PresentationStyles\VS2013\icons\protstructure.gif -&gt; c:\jenkins\workspace\MoverioBasicFunctionUnityPlugin\unityplugin\MoverioBasicFunctionUnityPluginDoc\MoverioBasicFunctionUnityPluginDoc\Help\Working\Output\Website\icons\protstructure.gif
C:\Program Files (x86)\EWSoftware\Sandcastle Help File Builder\PresentationStyles\VS2013\icons\pubclass.gif -&gt; c:\jenkins\workspace\MoverioBasicFunctionUnityPlugin\unityplugin\MoverioBasicFunctionUnityPluginDoc\MoverioBasicFunctionUnityPluginDoc\Help\Working\Output\Website\icons\pubclass.gif
C:\Program Files (x86)\EWSoftware\Sandcastle Help File Builder\PresentationStyles\VS2013\icons\pubdelegate.gif -&gt; c:\jenkins\workspace\MoverioBasicFunctionUnityPlugin\unityplugin\MoverioBasicFunctionUnityPluginDoc\MoverioBasicFunctionUnityPluginDoc\Help\Working\Output\Website\icons\pubdelegate.gif
C:\Program Files (x86)\EWSoftware\Sandcastle Help File Builder\PresentationStyles\VS2013\icons\pubenumeration.gif -&gt; c:\jenkins\workspace\MoverioBasicFunctionUnityPlugin\unityplugin\MoverioBasicFunctionUnityPluginDoc\MoverioBasicFunctionUnityPluginDoc\Help\Working\Output\Website\icons\pubenumeration.gif
C:\Program Files (x86)\EWSoftware\Sandcastle Help File Builder\PresentationStyles\VS2013\icons\pubevent.gif -&gt; c:\jenkins\workspace\MoverioBasicFunctionUnityPlugin\unityplugin\MoverioBasicFunctionUnityPluginDoc\MoverioBasicFunctionUnityPluginDoc\Help\Working\Output\Website\icons\pubevent.gif
C:\Program Files (x86)\EWSoftware\Sandcastle Help File Builder\PresentationStyles\VS2013\icons\pubextension.gif -&gt; c:\jenkins\workspace\MoverioBasicFunctionUnityPlugin\unityplugin\MoverioBasicFunctionUnityPluginDoc\MoverioBasicFunctionUnityPluginDoc\Help\Working\Output\Website\icons\pubextension.gif
C:\Program Files (x86)\EWSoftware\Sandcastle Help File Builder\PresentationStyles\VS2013\icons\pubfield.gif -&gt; c:\jenkins\workspace\MoverioBasicFunctionUnityPlugin\unityplugin\MoverioBasicFunctionUnityPluginDoc\MoverioBasicFunctionUnityPluginDoc\Help\Working\Output\Website\icons\pubfield.gif
C:\Program Files (x86)\EWSoftware\Sandcastle Help File Builder\PresentationStyles\VS2013\icons\pubinterface.gif -&gt; c:\jenkins\workspace\MoverioBasicFunctionUnityPlugin\unityplugin\MoverioBasicFunctionUnityPluginDoc\MoverioBasicFunctionUnityPluginDoc\Help\Working\Output\Website\icons\pubinterface.gif
C:\Program Files (x86)\EWSoftware\Sandcastle Help File Builder\PresentationStyles\VS2013\icons\pubmethod.gif -&gt; c:\jenkins\workspace\MoverioBasicFunctionUnityPlugin\unityplugin\MoverioBasicFunctionUnityPluginDoc\MoverioBasicFunctionUnityPluginDoc\Help\Working\Output\Website\icons\pubmethod.gif
C:\Program Files (x86)\EWSoftware\Sandcastle Help File Builder\PresentationStyles\VS2013\icons\puboperator.gif -&gt; c:\jenkins\workspace\MoverioBasicFunctionUnityPlugin\unityplugin\MoverioBasicFunctionUnityPluginDoc\MoverioBasicFunctionUnityPluginDoc\Help\Working\Output\Website\icons\puboperator.gif
C:\Program Files (x86)\EWSoftware\Sandcastle Help File Builder\PresentationStyles\VS2013\icons\pubproperty.gif -&gt; c:\jenkins\workspace\MoverioBasicFunctionUnityPlugin\unityplugin\MoverioBasicFunctionUnityPluginDoc\MoverioBasicFunctionUnityPluginDoc\Help\Working\Output\Website\icons\pubproperty.gif
C:\Program Files (x86)\EWSoftware\Sandcastle Help File Builder\PresentationStyles\VS2013\icons\pubstructure.gif -&gt; c:\jenkins\workspace\MoverioBasicFunctionUnityPlugin\unityplugin\MoverioBasicFunctionUnityPluginDoc\MoverioBasicFunctionUnityPluginDoc\Help\Working\Output\Website\icons\pubstructure.gif
C:\Program Files (x86)\EWSoftware\Sandcastle Help File Builder\PresentationStyles\VS2013\icons\SectionCollapsed.png -&gt; c:\jenkins\workspace\MoverioBasicFunctionUnityPlugin\unityplugin\MoverioBasicFunctionUnityPluginDoc\MoverioBasicFunctionUnityPluginDoc\Help\Working\Output\Website\icons\SectionCollapsed.png
C:\Program Files (x86)\EWSoftware\Sandcastle Help File Builder\PresentationStyles\VS2013\icons\SectionExpanded.png -&gt; c:\jenkins\workspace\MoverioBasicFunctionUnityPlugin\unityplugin\MoverioBasicFunctionUnityPluginDoc\MoverioBasicFunctionUnityPluginDoc\Help\Working\Output\Website\icons\SectionExpanded.png
C:\Program Files (x86)\EWSoftware\Sandcastle Help File Builder\PresentationStyles\VS2013\icons\slMobile.gif -&gt; c:\jenkins\workspace\MoverioBasicFunctionUnityPlugin\unityplugin\MoverioBasicFunctionUnityPluginDoc\MoverioBasicFunctionUnityPluginDoc\Help\Working\Output\Website\icons\slMobile.gif
C:\Program Files (x86)\EWSoftware\Sandcastle Help File Builder\PresentationStyles\VS2013\icons\static.gif -&gt; c:\jenkins\workspace\MoverioBasicFunctionUnityPlugin\unityplugin\MoverioBasicFunctionUnityPluginDoc\MoverioBasicFunctionUnityPluginDoc\Help\Working\Output\Website\icons\static.gif
C:\Program Files (x86)\EWSoftware\Sandcastle Help File Builder\PresentationStyles\VS2013\icons\xna.gif -&gt; c:\jenkins\workspace\MoverioBasicFunctionUnityPlugin\unityplugin\MoverioBasicFunctionUnityPluginDoc\MoverioBasicFunctionUnityPluginDoc\Help\Working\Output\Website\icons\xna.gif
C:\Program Files (x86)\EWSoftware\Sandcastle Help File Builder\PresentationStyles\VS2013\scripts\branding.js -&gt; c:\jenkins\workspace\MoverioBasicFunctionUnityPlugin\unityplugin\MoverioBasicFunctionUnityPluginDoc\MoverioBasicFunctionUnityPluginDoc\Help\Working\Output\Website\scripts\branding.js
C:\Program Files (x86)\EWSoftware\Sandcastle Help File Builder\PresentationStyles\VS2013\styles\branding-cs-CZ.css -&gt; c:\jenkins\workspace\MoverioBasicFunctionUnityPlugin\unityplugin\MoverioBasicFunctionUnityPluginDoc\MoverioBasicFunctionUnityPluginDoc\Help\Working\Output\Website\styles\branding-cs-CZ.css
C:\Program Files (x86)\EWSoftware\Sandcastle Help File Builder\PresentationStyles\VS2013\styles\branding-de-DE.css -&gt; c:\jenkins\workspace\MoverioBasicFunctionUnityPlugin\unityplugin\MoverioBasicFunctionUnityPluginDoc\MoverioBasicFunctionUnityPluginDoc\Help\Working\Output\Website\styles\branding-de-DE.css
C:\Program Files (x86)\EWSoftware\Sandcastle Help File Builder\PresentationStyles\VS2013\styles\branding-en-US.css -&gt; c:\jenkins\workspace\MoverioBasicFunctionUnityPlugin\unityplugin\MoverioBasicFunctionUnityPluginDoc\MoverioBasicFunctionUnityPluginDoc\Help\Working\Output\Website\styles\branding-en-US.css
C:\Program Files (x86)\EWSoftware\Sandcastle Help File Builder\PresentationStyles\VS2013\styles\branding-es-ES.css -&gt; c:\jenkins\workspace\MoverioBasicFunctionUnityPlugin\unityplugin\MoverioBasicFunctionUnityPluginDoc\MoverioBasicFunctionUnityPluginDoc\Help\Working\Output\Website\styles\branding-es-ES.css
C:\Program Files (x86)\EWSoftware\Sandcastle Help File Builder\PresentationStyles\VS2013\styles\branding-fr-FR.css -&gt; c:\jenkins\workspace\MoverioBasicFunctionUnityPlugin\unityplugin\MoverioBasicFunctionUnityPluginDoc\MoverioBasicFunctionUnityPluginDoc\Help\Working\Output\Website\styles\branding-fr-FR.css
C:\Program Files (x86)\EWSoftware\Sandcastle Help File Builder\PresentationStyles\VS2013\styles\branding-Help1.css -&gt; c:\jenkins\workspace\MoverioBasicFunctionUnityPlugin\unityplugin\MoverioBasicFunctionUnityPluginDoc\MoverioBasicFunctionUnityPluginDoc\Help\Working\Output\Website\styles\branding-Help1.css
C:\Program Files (x86)\EWSoftware\Sandcastle Help File Builder\PresentationStyles\VS2013\styles\branding-HelpViewer.css -&gt; c:\jenkins\workspace\MoverioBasicFunctionUnityPlugin\unityplugin\MoverioBasicFunctionUnityPluginDoc\MoverioBasicFunctionUnityPluginDoc\Help\Working\Output\Website\styles\branding-HelpViewer.css
C:\Program Files (x86)\EWSoftware\Sandcastle Help File Builder\PresentationStyles\VS2013\styles\branding-it-IT.css -&gt; c:\jenkins\workspace\MoverioBasicFunctionUnityPlugin\unityplugin\MoverioBasicFunctionUnityPluginDoc\MoverioBasicFunctionUnityPluginDoc\Help\Working\Output\Website\styles\branding-it-IT.css
C:\Program Files (x86)\EWSoftware\Sandcastle Help File Builder\PresentationStyles\VS2013\styles\branding-ja-JP.css -&gt; c:\jenkins\workspace\MoverioBasicFunctionUnityPlugin\unityplugin\MoverioBasicFunctionUnityPluginDoc\MoverioBasicFunctionUnityPluginDoc\Help\Working\Output\Website\styles\branding-ja-JP.css
C:\Program Files (x86)\EWSoftware\Sandcastle Help File Builder\PresentationStyles\VS2013\styles\branding-ko-KR.css -&gt; c:\jenkins\workspace\MoverioBasicFunctionUnityPlugin\unityplugin\MoverioBasicFunctionUnityPluginDoc\MoverioBasicFunctionUnityPluginDoc\Help\Working\Output\Website\styles\branding-ko-KR.css
C:\Program Files (x86)\EWSoftware\Sandcastle Help File Builder\PresentationStyles\VS2013\styles\branding-pl-PL.css -&gt; c:\jenkins\workspace\MoverioBasicFunctionUnityPlugin\unityplugin\MoverioBasicFunctionUnityPluginDoc\MoverioBasicFunctionUnityPluginDoc\Help\Working\Output\Website\styles\branding-pl-PL.css
C:\Program Files (x86)\EWSoftware\Sandcastle Help File Builder\PresentationStyles\VS2013\styles\branding-pt-BR.css -&gt; c:\jenkins\workspace\MoverioBasicFunctionUnityPlugin\unityplugin\MoverioBasicFunctionUnityPluginDoc\MoverioBasicFunctionUnityPluginDoc\Help\Working\Output\Website\styles\branding-pt-BR.css
C:\Program Files (x86)\EWSoftware\Sandcastle Help File Builder\PresentationStyles\VS2013\styles\branding-ru-RU.css -&gt; c:\jenkins\workspace\MoverioBasicFunctionUnityPlugin\unityplugin\MoverioBasicFunctionUnityPluginDoc\MoverioBasicFunctionUnityPluginDoc\Help\Working\Output\Website\styles\branding-ru-RU.css
C:\Program Files (x86)\EWSoftware\Sandcastle Help File Builder\PresentationStyles\VS2013\styles\branding-tr-TR.css -&gt; c:\jenkins\workspace\MoverioBasicFunctionUnityPlugin\unityplugin\MoverioBasicFunctionUnityPluginDoc\MoverioBasicFunctionUnityPluginDoc\Help\Working\Output\Website\styles\branding-tr-TR.css
C:\Program Files (x86)\EWSoftware\Sandcastle Help File Builder\PresentationStyles\VS2013\styles\branding-Website.css -&gt; c:\jenkins\workspace\MoverioBasicFunctionUnityPlugin\unityplugin\MoverioBasicFunctionUnityPluginDoc\MoverioBasicFunctionUnityPluginDoc\Help\Working\Output\Website\styles\branding-Website.css
C:\Program Files (x86)\EWSoftware\Sandcastle Help File Builder\PresentationStyles\VS2013\styles\branding-zh-CN.css -&gt; c:\jenkins\workspace\MoverioBasicFunctionUnityPlugin\unityplugin\MoverioBasicFunctionUnityPluginDoc\MoverioBasicFunctionUnityPluginDoc\Help\Working\Output\Website\styles\branding-zh-CN.css
C:\Program Files (x86)\EWSoftware\Sandcastle Help File Builder\PresentationStyles\VS2013\styles\branding-zh-TW.css -&gt; c:\jenkins\workspace\MoverioBasicFunctionUnityPlugin\unityplugin\MoverioBasicFunctionUnityPluginDoc\MoverioBasicFunctionUnityPluginDoc\Help\Working\Output\Website\styles\branding-zh-TW.css
C:\Program Files (x86)\EWSoftware\Sandcastle Help File Builder\PresentationStyles\VS2013\styles\branding.css -&gt; c:\jenkins\workspace\MoverioBasicFunctionUnityPlugin\unityplugin\MoverioBasicFunctionUnityPluginDoc\MoverioBasicFunctionUnityPluginDoc\Help\Working\Output\Website\styles\branding.css
C:\Program Files (x86)\EWSoftware\Sandcastle Help File Builder\PresentationStyles\VS2013\Web\index.html -&gt; c:\jenkins\workspace\MoverioBasicFunctionUnityPlugin\unityplugin\MoverioBasicFunctionUnityPluginDoc\MoverioBasicFunctionUnityPluginDoc\Help\Working\Output\Website\index.html
C:\Program Files (x86)\EWSoftware\Sandcastle Help File Builder\PresentationStyles\VS2013\Web\search.html -&gt; c:\jenkins\workspace\MoverioBasicFunctionUnityPlugin\unityplugin\MoverioBasicFunctionUnityPluginDoc\MoverioBasicFunctionUnityPluginDoc\Help\Working\Output\Website\search.html
C:\Program Files (x86)\EWSoftware\Sandcastle Help File Builder\PresentationStyles\VS2013\Web\SearchHelp.aspx -&gt; c:\jenkins\workspace\MoverioBasicFunctionUnityPlugin\unityplugin\MoverioBasicFunctionUnityPluginDoc\MoverioBasicFunctionUnityPluginDoc\Help\Working\Output\Website\SearchHelp.aspx
C:\Program Files (x86)\EWSoftware\Sandcastle Help File Builder\PresentationStyles\VS2013\Web\SearchHelp.inc.php -&gt; c:\jenkins\workspace\MoverioBasicFunctionUnityPlugin\unityplugin\MoverioBasicFunctionUnityPluginDoc\MoverioBasicFunctionUnityPluginDoc\Help\Working\Output\Website\SearchHelp.inc.php
C:\Program Files (x86)\EWSoftware\Sandcastle Help File Builder\PresentationStyles\VS2013\Web\SearchHelp.php -&gt; c:\jenkins\workspace\MoverioBasicFunctionUnityPlugin\unityplugin\MoverioBasicFunctionUnityPluginDoc\MoverioBasicFunctionUnityPluginDoc\Help\Working\Output\Website\SearchHelp.php
C:\Program Files (x86)\EWSoftware\Sandcastle Help File Builder\PresentationStyles\VS2013\Web\Web.Config -&gt; c:\jenkins\workspace\MoverioBasicFunctionUnityPlugin\unityplugin\MoverioBasicFunctionUnityPluginDoc\MoverioBasicFunctionUnityPluginDoc\Help\Working\Output\Website\Web.Config
C:\Program Files (x86)\EWSoftware\Sandcastle Help File Builder\PresentationStyles\VS2013\Web\html\GeneralError.htm -&gt; c:\jenkins\workspace\MoverioBasicFunctionUnityPlugin\unityplugin\MoverioBasicFunctionUnityPluginDoc\MoverioBasicFunctionUnityPluginDoc\Help\Working\Output\Website\html\GeneralError.htm
C:\Program Files (x86)\EWSoftware\Sandcastle Help File Builder\PresentationStyles\VS2013\Web\html\PageNotFound.htm -&gt; c:\jenkins\workspace\MoverioBasicFunctionUnityPlugin\unityplugin\MoverioBasicFunctionUnityPluginDoc\MoverioBasicFunctionUnityPluginDoc\Help\Working\Output\Website\html\PageNotFound.htm
C:\Program Files (x86)\EWSoftware\Sandcastle Help File Builder\PresentationStyles\VS2013\Web\icons\Search.png -&gt; c:\jenkins\workspace\MoverioBasicFunctionUnityPlugin\unityplugin\MoverioBasicFunctionUnityPluginDoc\MoverioBasicFunctionUnityPluginDoc\Help\Working\Output\Website\icons\Search.png
C:\Program Files (x86)\EWSoftware\Sandcastle Help File Builder\PresentationStyles\VS2013\Web\icons\TocClose.gif -&gt; c:\jenkins\workspace\MoverioBasicFunctionUnityPlugin\unityplugin\MoverioBasicFunctionUnityPluginDoc\MoverioBasicFunctionUnityPluginDoc\Help\Working\Output\Website\icons\TocClose.gif
C:\Program Files (x86)\EWSoftware\Sandcastle Help File Builder\PresentationStyles\VS2013\Web\icons\TocCollapsed.gif -&gt; c:\jenkins\workspace\MoverioBasicFunctionUnityPlugin\unityplugin\MoverioBasicFunctionUnityPluginDoc\MoverioBasicFunctionUnityPluginDoc\Help\Working\Output\Website\icons\TocCollapsed.gif
C:\Program Files (x86)\EWSoftware\Sandcastle Help File Builder\PresentationStyles\VS2013\Web\icons\TocExpanded.gif -&gt; c:\jenkins\workspace\MoverioBasicFunctionUnityPlugin\unityplugin\MoverioBasicFunctionUnityPluginDoc\MoverioBasicFunctionUnityPluginDoc\Help\Working\Output\Website\icons\TocExpanded.gif
C:\Program Files (x86)\EWSoftware\Sandcastle Help File Builder\PresentationStyles\VS2013\Web\icons\TocOpen.gif -&gt; c:\jenkins\workspace\MoverioBasicFunctionUnityPlugin\unityplugin\MoverioBasicFunctionUnityPluginDoc\MoverioBasicFunctionUnityPluginDoc\Help\Working\Output\Website\icons\TocOpen.gif
C:\Program Files (x86)\EWSoftware\Sandcastle Help File Builder\PresentationStyles\VS2013\Web\scripts\branding-Website.js -&gt; c:\jenkins\workspace\MoverioBasicFunctionUnityPlugin\unityplugin\MoverioBasicFunctionUnityPluginDoc\MoverioBasicFunctionUnityPluginDoc\Help\Working\Output\Website\scripts\branding-Website.js
C:\Program Files (x86)\EWSoftware\Sandcastle Help File Builder\PresentationStyles\VS2013\Web\scripts\clipboard.min.js -&gt; c:\jenkins\workspace\MoverioBasicFunctionUnityPlugin\unityplugin\MoverioBasicFunctionUnityPluginDoc\MoverioBasicFunctionUnityPluginDoc\Help\Working\Output\Website\scripts\clipboard.min.js
C:\Program Files (x86)\EWSoftware\Sandcastle Help File Builder\PresentationStyles\VS2013\Web\scripts\jquery-3.3.1.min.js -&gt; c:\jenkins\workspace\MoverioBasicFunctionUnityPlugin\unityplugin\MoverioBasicFunctionUnityPluginDoc\MoverioBasicFunctionUnityPluginDoc\Help\Working\Output\Website\scripts\jquery-3.3.1.min.js
    Last step completed in 00:00:00.5120
</buildStep>
<buildStep step="GenerateHelpFormatTableOfContents">
Generating website table of contents file...
    Last step completed in 00:00:00.0010
</buildStep>
<buildStep step="GenerateFullTextIndex">
Generating full-text index for the website...

<plugIn name="Lightweight Website Style" behavior="After" priority="1000">
Adding lightweight search and TOC elements to each topic...
</plugIn>    Last step completed in 00:00:00.1790
</buildStep>
<buildStep step="CopyingWebsiteFiles">
Copying website files to output folder...

Copied 258 files for the website content
    Last step completed in 00:00:00.2280
</buildStep>
<buildStep step="CleanIntermediates">
Removing intermediate files...
    Last step completed in 00:00:00.0730
</buildStep>
<buildStep step="Completed">

Build completed successfully at 2021/12/20 11:44:07.  Total time: 00:00:08.5520

</buildStep>
</shfbBuild>
